<?xml version="1.0" encoding="UTF-8"?>
<testng-results skipped="0" failed="0" total="1" passed="1">
  <reporter-output>
  </reporter-output>
  <suite name="Suite" duration-ms="4732" started-at="2017-05-26T19:11:24Z" finished-at="2017-05-26T19:11:29Z">
    <groups>
    </groups>
    <test name="Test" duration-ms="4732" started-at="2017-05-26T19:11:24Z" finished-at="2017-05-26T19:11:29Z">
      <class name="Email.EmailCommons.SendingEmail">
        <test-method status="PASS" signature="TestMain()[pri:0, instance:Email.EmailCommons.SendingEmail@215be6bb]" name="TestMain" duration-ms="4692" started-at="2017-05-27T00:41:24Z" finished-at="2017-05-27T00:41:29Z">
          <reporter-output>
          </reporter-output>
        </test-method> <!-- TestMain -->
      </class> <!-- Email.EmailCommons.SendingEmail -->
    </test> <!-- Test -->
  </suite> <!-- Suite -->
</testng-results>
