<?xml version="1.0" encoding="UTF-8"?>
<testng-results skipped="0" failed="0" total="1" passed="1">
  <reporter-output>
  </reporter-output>
  <suite name="Default suite" duration-ms="6523" started-at="2017-05-26T17:02:05Z" finished-at="2017-05-26T17:02:11Z">
    <groups>
    </groups>
    <test name="Default test" duration-ms="6523" started-at="2017-05-26T17:02:05Z" finished-at="2017-05-26T17:02:11Z">
      <class name="Email.EmailCommons.SendingEmail">
        <test-method status="PASS" signature="TestMain()[pri:0, instance:Email.EmailCommons.SendingEmail@1810399e]" name="TestMain" duration-ms="6483" started-at="2017-05-26T22:32:05Z" finished-at="2017-05-26T22:32:11Z">
          <reporter-output>
          </reporter-output>
        </test-method> <!-- TestMain -->
      </class> <!-- Email.EmailCommons.SendingEmail -->
    </test> <!-- Default test -->
  </suite> <!-- Default suite -->
</testng-results>
